Using pre-set license
Built from '2022.3/staging' branch; Version is '2022.3.17f1 (4fc78088f837) revision 5228416'; Using compiler version '192829333'; Build Type 'Release'
OS: 'Windows 10  (10.0.19045) 64bit CoreSingleLanguage' Language: 'es' Physical Memory: 8107 MB
BatchMode: 1, IsHumanControllingUs: 0, StartBugReporterOnCrash: 0, Is64bit: 1, IsPro: 1

COMMAND LINE ARGUMENTS:
C:\Program Files\Unity\Hub\Editor\2022.3.17f1\Editor\Unity.exe
-adb2
-batchMode
-noUpm
-name
AssetImportWorker0
-projectPath
C:/Users/eduar/DERV_2024_U1_EQ_6/DERV_2024_U1_EQ_6
-logFile
Logs/AssetImportWorker0.log
-srvPort
58939
Successfully changed project path to: C:/Users/eduar/DERV_2024_U1_EQ_6/DERV_2024_U1_EQ_6
C:/Users/eduar/DERV_2024_U1_EQ_6/DERV_2024_U1_EQ_6
[UnityMemory] Configuration Parameters - Can be set up in boot.config
    "memorysetup-bucket-allocator-granularity=16"
    "memorysetup-bucket-allocator-bucket-count=8"
    "memorysetup-bucket-allocator-block-size=33554432"
    "memorysetup-bucket-allocator-block-count=8"
    "memorysetup-main-allocator-block-size=16777216"
    "memorysetup-thread-allocator-block-size=16777216"
    "memorysetup-gfx-main-allocator-block-size=16777216"
    "memorysetup-gfx-thread-allocator-block-size=16777216"
    "memorysetup-cache-allocator-block-size=4194304"
    "memorysetup-typetree-allocator-block-size=2097152"
    "memorysetup-profiler-bucket-allocator-granularity=16"
    "memorysetup-profiler-bucket-allocator-bucket-count=8"
    "memorysetup-profiler-bucket-allocator-block-size=33554432"
    "memorysetup-profiler-bucket-allocator-block-count=8"
    "memorysetup-profiler-allocator-block-size=16777216"
    "memorysetup-profiler-editor-allocator-block-size=1048576"
    "memorysetup-temp-allocator-size-main=16777216"
    "memorysetup-job-temp-allocator-block-size=2097152"
    "memorysetup-job-temp-allocator-block-size-background=1048576"
    "memorysetup-job-temp-allocator-reduction-small-platforms=262144"
    "memorysetup-allocator-temp-initial-block-size-main=262144"
    "memorysetup-allocator-temp-initial-block-size-worker=262144"
    "memorysetup-temp-allocator-size-background-worker=32768"
    "memorysetup-temp-allocator-size-job-worker=262144"
    "memorysetup-temp-allocator-size-preload-manager=33554432"
    "memorysetup-temp-allocator-size-nav-mesh-worker=65536"
    "memorysetup-temp-allocator-size-audio-worker=65536"
    "memorysetup-temp-allocator-size-cloud-worker=32768"
    "memorysetup-temp-allocator-size-gi-baking-worker=262144"
    "memorysetup-temp-allocator-size-gfx=262144"
Player connection [23260] Host "[IP] 192.168.56.1 [Port] 0 [Flags] 2 [Guid] 279623073 [EditorId] 279623073 [Version] 1048832 [Id] WindowsEditor(7,DESKTOP-OO359VU) [Debug] 1 [PackageName] WindowsEditor [ProjectName] Editor" joined multi-casting on [225.0.0.222:54997]...

Player connection [23260] Host "[IP] 192.168.56.1 [Port] 0 [Flags] 2 [Guid] 279623073 [EditorId] 279623073 [Version] 1048832 [Id] WindowsEditor(7,DESKTOP-OO359VU) [Debug] 1 [PackageName] WindowsEditor [ProjectName] Editor" joined alternative multi-casting on [225.0.0.222:34997]...

[Physics::Module] Initialized MultithreadedJobDispatcher with 3 workers.
Refreshing native plugins compatible for Editor in 35.05 ms, found 3 plugins.
Preloading 0 native plugins for Editor in 0.00 ms.
Initialize engine version: 2022.3.17f1 (4fc78088f837)
[Subsystems] Discovering subsystems at path C:/Program Files/Unity/Hub/Editor/2022.3.17f1/Editor/Data/Resources/UnitySubsystems
[Subsystems] Discovering subsystems at path C:/Users/eduar/DERV_2024_U1_EQ_6/DERV_2024_U1_EQ_6/Assets
GfxDevice: creating device client; threaded=0; jobified=0
Direct3D:
    Version:  Direct3D 11.0 [level 11.1]
    Renderer: Intel(R) HD Graphics 620 (ID=0x5916)
    Vendor:   Intel
    VRAM:     4053 MB
    Driver:   31.0.101.2111
Initialize mono
Mono path[0] = 'C:/Program Files/Unity/Hub/Editor/2022.3.17f1/Editor/Data/Managed'
Mono path[1] = 'C:/Program Files/Unity/Hub/Editor/2022.3.17f1/Editor/Data/MonoBleedingEdge/lib/mono/unityjit-win32'
Mono config path = 'C:/Program Files/Unity/Hub/Editor/2022.3.17f1/Editor/Data/MonoBleedingEdge/etc'
Using monoOptions --debugger-agent=transport=dt_socket,embedding=1,server=y,suspend=n,address=127.0.0.1:56092
Begin MonoManager ReloadAssembly
Registering precompiled unity dll's ...
Register platform support module: C:/Program Files/Unity/Hub/Editor/2022.3.17f1/Editor/Data/PlaybackEngines/WindowsStandaloneSupport/UnityEditor.WindowsStandalone.Extensions.dll
Registered in 0.037143 seconds.
- Loaded All Assemblies, in  1.623 seconds
Native extension for WindowsStandalone target not found
Mono: successfully reloaded assembly
- Finished resetting the current domain, in  1.310 seconds
Domain Reload Profiling: 2927ms
	BeginReloadAssembly (474ms)
		ExecutionOrderSort (0ms)
		DisableScriptedObjects (0ms)
		BackupInstance (0ms)
		ReleaseScriptingObjects (0ms)
		CreateAndSetChildDomain (4ms)
	RebuildCommonClasses (147ms)
	RebuildNativeTypeToScriptingClass (56ms)
	initialDomainReloadingComplete (341ms)
	LoadAllAssembliesAndSetupDomain (598ms)
		LoadAssemblies (465ms)
		RebuildTransferFunctionScriptingTraits (0ms)
		AnalyzeDomain (590ms)
			TypeCache.Refresh (587ms)
				TypeCache.ScanAssembly (544ms)
			ScanForSourceGeneratedMonoScriptInfo (1ms)
			ResolveRequiredComponents (1ms)
	FinalizeReload (1312ms)
		ReleaseScriptCaches (0ms)
		RebuildScriptCaches (0ms)
		SetupLoadedEditorAssemblies (1010ms)
			LogAssemblyErrors (0ms)
			InitializePlatformSupportModulesInManaged (32ms)
			SetLoadedEditorAssemblies (22ms)
			RefreshPlugins (0ms)
			BeforeProcessingInitializeOnLoad (7ms)
			ProcessInitializeOnLoadAttributes (702ms)
			ProcessInitializeOnLoadMethodAttributes (246ms)
			AfterProcessingInitializeOnLoad (0ms)
			EditorAssembliesLoaded (0ms)
		ExecutionOrderSort2 (0ms)
		AwakeInstancesAfterBackupRestoration (0ms)
========================================================================
Worker process is ready to serve import requests
Begin MonoManager ReloadAssembly
- Loaded All Assemblies, in  3.859 seconds
Refreshing native plugins compatible for Editor in 9.52 ms, found 3 plugins.
Native extension for WindowsStandalone target not found
Package Manager log level set to [2]
[Package Manager] Server::EnsureServerProcessIsRunning -- launch failed, reason: Unity was launched with the -noUpm command-line argument
[Package Manager] UpmClient::Send -- Unable to send message (not connected to UPM process).
[Package Manager] Cannot connect to Unity Package Manager local server
Mono: successfully reloaded assembly
- Finished resetting the current domain, in  4.017 seconds
Domain Reload Profiling: 7862ms
	BeginReloadAssembly (1218ms)
		ExecutionOrderSort (0ms)
		DisableScriptedObjects (75ms)
		BackupInstance (0ms)
		ReleaseScriptingObjects (0ms)
		CreateAndSetChildDomain (276ms)
	RebuildCommonClasses (108ms)
	RebuildNativeTypeToScriptingClass (33ms)
	initialDomainReloadingComplete (295ms)
	LoadAllAssembliesAndSetupDomain (2191ms)
		LoadAssemblies (1689ms)
		RebuildTransferFunctionScriptingTraits (0ms)
		AnalyzeDomain (940ms)
			TypeCache.Refresh (846ms)
				TypeCache.ScanAssembly (801ms)
			ScanForSourceGeneratedMonoScriptInfo (74ms)
			ResolveRequiredComponents (17ms)
	FinalizeReload (4017ms)
		ReleaseScriptCaches (0ms)
		RebuildScriptCaches (0ms)
		SetupLoadedEditorAssemblies (3394ms)
			LogAssemblyErrors (0ms)
			InitializePlatformSupportModulesInManaged (20ms)
			SetLoadedEditorAssemblies (9ms)
			RefreshPlugins (0ms)
			BeforeProcessingInitializeOnLoad (336ms)
			ProcessInitializeOnLoadAttributes (2870ms)
			ProcessInitializeOnLoadMethodAttributes (143ms)
			AfterProcessingInitializeOnLoad (16ms)
			EditorAssembliesLoaded (0ms)
		ExecutionOrderSort2 (0ms)
		AwakeInstancesAfterBackupRestoration (18ms)
Launched and connected shader compiler UnityShaderCompiler.exe after 0.14 seconds
Refreshing native plugins compatible for Editor in 17.14 ms, found 3 plugins.
Preloading 0 native plugins for Editor in 0.00 ms.
Unloading 3126 Unused Serialized files (Serialized files now loaded: 0)
Unloading 32 unused Assets / (57.3 KB). Loaded Objects now: 3588.
Memory consumption went from 126.8 MB to 126.7 MB.
Total: 22.817300 ms (FindLiveObjects: 1.170600 ms CreateObjectMapping: 1.294200 ms MarkObjects: 19.962500 ms  DeleteObjects: 0.384000 ms)

AssetImportParameters requested are different than current active one (requested -> active):
  custom:container-demuxer-ogg: 62fdf1f143b41e24485cea50d1cbac27 -> 
  custom:video-decoder-ogg-theora: a1e56fd34408186e4bbccfd4996cb3dc -> 
  custom:framework-win-MediaFoundation: 216162199b28c13a410421893ffa2e32 -> 
  custom:CustomObjectIndexerAttribute: 6d391050e5a25f67b0a2c618074f2cd9 -> 
  custom:container-demuxer-webm: 4f35f7cbe854078d1ac9338744f61a02 -> 
  custom:container-muxer-webm: aa71ff27fc2769a1b78a27578f13a17b -> 
  custom:video-decoder-webm-vp8: 9c59270c3fd7afecdb556c50c9e8de78 -> 
  custom:SearchIndexIgnoredProperties: e643bd26f0fe6173181afceb89e7c659 -> 
  custom:AudioImporter_EditorPlatform: d09bf68614088b80899f8185d706f6e7 -> 
  custom:video-encoder-webm-vp8: eb34c28f22e8b96e1ab97ce403110664 -> 
  custom:audio-decoder-ogg-vorbis: bf7c407c2cedff20999df2af8eb42d56 -> 
  custom:audio-encoder-webm-vorbis: bf7c407c2cedff20999df2af8eb42d56 -> 
========================================================================
Received Import Request.
  Time since last request: 1154838.106085 seconds.
  path: Assets/CambioEscenas
  artifactKey: Guid(b2d06680d9aea4361b82199f8887904a) Importer(815301076,1909f56bfc062723c751e8b465ee728b)
Start importing Assets/CambioEscenas using Guid(b2d06680d9aea4361b82199f8887904a) Importer(815301076,1909f56bfc062723c751e8b465ee728b)  -> (artifact id: '94785b35d73c27689109aff9fde460ea') in 0.011454 seconds
Number of updated asset objects reloaded before import = 0
Number of asset objects unloaded after import = 0
========================================================================
Received Import Request.
  Time since last request: 0.000069 seconds.
  path: Assets/Scenes/Escenas U1/Escena7.unity
  artifactKey: Guid(cd6ba3b3e18c23c429fc3a7e8694dd1c) Importer(815301076,1909f56bfc062723c751e8b465ee728b)
Start importing Assets/Scenes/Escenas U1/Escena7.unity using Guid(cd6ba3b3e18c23c429fc3a7e8694dd1c) Importer(815301076,1909f56bfc062723c751e8b465ee728b)  -> (artifact id: '0f8eedd445945a8578e13744df9d36c7') in 0.003807 seconds
Number of updated asset objects reloaded before import = 0
Number of asset objects unloaded after import = 0
========================================================================
Received Import Request.
  Time since last request: 0.000039 seconds.
  path: Assets/Scenes/Escenas U1/Escena3.unity
  artifactKey: Guid(21f7957ee989041cd9af8a35b7bd150d) Importer(815301076,1909f56bfc062723c751e8b465ee728b)
Start importing Assets/Scenes/Escenas U1/Escena3.unity using Guid(21f7957ee989041cd9af8a35b7bd150d) Importer(815301076,1909f56bfc062723c751e8b465ee728b)  -> (artifact id: 'b96ff6ba4bbb2d400c6a96275c3982d2') in 0.001818 seconds
Number of updated asset objects reloaded before import = 0
Number of asset objects unloaded after import = 0
========================================================================
Received Import Request.
  Time since last request: 0.000025 seconds.
  path: Assets/Scenes/Escenas U1/Escena2.unity
  artifactKey: Guid(2cf0c6778fbb64dfda84ddebba67c7b2) Importer(815301076,1909f56bfc062723c751e8b465ee728b)
Start importing Assets/Scenes/Escenas U1/Escena2.unity using Guid(2cf0c6778fbb64dfda84ddebba67c7b2) Importer(815301076,1909f56bfc062723c751e8b465ee728b)  -> (artifact id: '4b251b3d929fae1b6595fab37d9eaad0') in 0.001096 seconds
Number of updated asset objects reloaded before import = 0
Number of asset objects unloaded after import = 0
========================================================================
Received Import Request.
  Time since last request: 0.000033 seconds.
  path: Assets/Scenes/Escenas U1
  artifactKey: Guid(55b7d0479375f494983ebde669e1accf) Importer(815301076,1909f56bfc062723c751e8b465ee728b)
Start importing Assets/Scenes/Escenas U1 using Guid(55b7d0479375f494983ebde669e1accf) Importer(815301076,1909f56bfc062723c751e8b465ee728b)  -> (artifact id: 'a0418e1f9850a174c9d7d39aeef29586') in 0.001130 seconds
Number of updated asset objects reloaded before import = 0
Number of asset objects unloaded after import = 0
========================================================================
Received Import Request.
  Time since last request: 0.000053 seconds.
  path: Assets/CambioEscena
  artifactKey: Guid(f3442017275f11948840c79289bb8bee) Importer(815301076,1909f56bfc062723c751e8b465ee728b)
Start importing Assets/CambioEscena using Guid(f3442017275f11948840c79289bb8bee) Importer(815301076,1909f56bfc062723c751e8b465ee728b)  -> (artifact id: '5aa38487ad3a75b3130d3f234c36517c') in 0.001086 seconds
Number of updated asset objects reloaded before import = 0
Number of asset objects unloaded after import = 0
========================================================================
Received Import Request.
  Time since last request: 0.000039 seconds.
  path: Assets/Scenes/Escenas U1/Escena1.unity
  artifactKey: Guid(0b33269283fd68042a27b03cec5fb9a0) Importer(815301076,1909f56bfc062723c751e8b465ee728b)
Start importing Assets/Scenes/Escenas U1/Escena1.unity using Guid(0b33269283fd68042a27b03cec5fb9a0) Importer(815301076,1909f56bfc062723c751e8b465ee728b)  -> (artifact id: '5f3a82efb6a35cd71f8fc87e81573ec4') in 0.001256 seconds
Number of updated asset objects reloaded before import = 0
Number of asset objects unloaded after import = 0
========================================================================
Received Import Request.
  Time since last request: 14.956006 seconds.
  path: Assets/Scenes/Escenas U1/Escena 6 - Inspector.unity
  artifactKey: Guid(434dea4f9b241428a9fe80a08ebb0dd2) Importer(815301076,1909f56bfc062723c751e8b465ee728b)
Start importing Assets/Scenes/Escenas U1/Escena 6 - Inspector.unity using Guid(434dea4f9b241428a9fe80a08ebb0dd2) Importer(815301076,1909f56bfc062723c751e8b465ee728b)  -> (artifact id: '9629d7391f45f9f9a535008b69202ec2') in 0.001203 seconds
Number of updated asset objects reloaded before import = 0
Number of asset objects unloaded after import = 0
========================================================================
Received Import Request.
  Time since last request: 8.005302 seconds.
  path: Assets/Scenes/Obstaculos.unity
  artifactKey: Guid(584c52609e955d145b05e33c46eb7ea7) Importer(815301076,1909f56bfc062723c751e8b465ee728b)
Start importing Assets/Scenes/Obstaculos.unity using Guid(584c52609e955d145b05e33c46eb7ea7) Importer(815301076,1909f56bfc062723c751e8b465ee728b)  -> (artifact id: 'ac9128bb915afd1fca8d1e6b0a73ac6f') in 0.000952 seconds
Number of updated asset objects reloaded before import = 0
Number of asset objects unloaded after import = 0
========================================================================
Received Import Request.
  Time since last request: 11.618100 seconds.
  path: Assets/Scenes/Escenas U1/Conversacion.unity
  artifactKey: Guid(058e6ae1ac6aaa6449927b613e0949b1) Importer(815301076,1909f56bfc062723c751e8b465ee728b)
Start importing Assets/Scenes/Escenas U1/Conversacion.unity using Guid(058e6ae1ac6aaa6449927b613e0949b1) Importer(815301076,1909f56bfc062723c751e8b465ee728b)  -> (artifact id: '2433641202f84a287f2ef1568c037c3c') in 0.001678 seconds
Number of updated asset objects reloaded before import = 0
Number of asset objects unloaded after import = 0
========================================================================
Received Import Request.
  Time since last request: 1.512560 seconds.
  path: Assets/Scenes/Escenas U1/Obstaculos 1.unity
  artifactKey: Guid(fa107c02e1635144db274024586352fb) Importer(815301076,1909f56bfc062723c751e8b465ee728b)
Start importing Assets/Scenes/Escenas U1/Obstaculos 1.unity using Guid(fa107c02e1635144db274024586352fb) Importer(815301076,1909f56bfc062723c751e8b465ee728b)  -> (artifact id: 'f1271b323a3be11a3bbf9bd2328a93cf') in 0.005156 seconds
Number of updated asset objects reloaded before import = 0
Number of asset objects unloaded after import = 0
========================================================================
Received Import Request.
  Time since last request: 60.356366 seconds.
  path: Assets/TextMesh Pro/Resources/Fonts & Materials/LiberationSans SDF - Drop Shadow.mat
  artifactKey: Guid(e73a58f6e2794ae7b1b7e50b7fb811b0) Importer(815301076,1909f56bfc062723c751e8b465ee728b)
Start importing Assets/TextMesh Pro/Resources/Fonts & Materials/LiberationSans SDF - Drop Shadow.mat using Guid(e73a58f6e2794ae7b1b7e50b7fb811b0) Importer(815301076,1909f56bfc062723c751e8b465ee728b)  -> (artifact id: 'f46a0726a55a848b9b39d03a0f0dcc60') in 0.614169 seconds
Number of updated asset objects reloaded before import = 0
Number of asset objects unloaded after import = 2
========================================================================
Received Import Request.
  Time since last request: 0.000033 seconds.
  path: Assets/CambioEscenas/E3_Fin.unity
  artifactKey: Guid(9714d5c511b5b4feab96cda386b8c5fd) Importer(815301076,1909f56bfc062723c751e8b465ee728b)
Start importing Assets/CambioEscenas/E3_Fin.unity using Guid(9714d5c511b5b4feab96cda386b8c5fd) Importer(815301076,1909f56bfc062723c751e8b465ee728b)  -> (artifact id: '57131c338ab2dc4f67e17a821317d093') in 0.001226 seconds
Number of updated asset objects reloaded before import = 0
Number of asset objects unloaded after import = 0
========================================================================
Received Import Request.
  Time since last request: 0.006628 seconds.
  path: Assets/Scripts/ControlTiempo.cs
  artifactKey: Guid(e7bf72700ef10a94c83db6b6d136d1c0) Importer(815301076,1909f56bfc062723c751e8b465ee728b)
Start importing Assets/Scripts/ControlTiempo.cs using Guid(e7bf72700ef10a94c83db6b6d136d1c0) Importer(815301076,1909f56bfc062723c751e8b465ee728b)  -> (artifact id: '2676f0bf296438a82ec1b7f9eaba53d1') in 0.001419 seconds
Number of updated asset objects reloaded before import = 0
Number of asset objects unloaded after import = 0
========================================================================
Received Import Request.
  Time since last request: 0.005799 seconds.
  path: Assets/TextMesh Pro/Shaders/TMPro_Surface.cginc
  artifactKey: Guid(d930090c0cd643c7b55f19a38538c162) Importer(815301076,1909f56bfc062723c751e8b465ee728b)
Start importing Assets/TextMesh Pro/Shaders/TMPro_Surface.cginc using Guid(d930090c0cd643c7b55f19a38538c162) Importer(815301076,1909f56bfc062723c751e8b465ee728b)  -> (artifact id: '9c686a485411b244d6b24147d7663491') in 0.002113 seconds
Number of updated asset objects reloaded before import = 0
Number of asset objects unloaded after import = 1
========================================================================
Received Import Request.
  Time since last request: 0.012167 seconds.
  path: Assets/TextMesh Pro/Shaders/TMP_SDF SSD.shader
  artifactKey: Guid(14eb328de4b8eb245bb7cea29e4ac00b) Importer(815301076,1909f56bfc062723c751e8b465ee728b)
Start importing Assets/TextMesh Pro/Shaders/TMP_SDF SSD.shader using Guid(14eb328de4b8eb245bb7cea29e4ac00b) Importer(815301076,1909f56bfc062723c751e8b465ee728b)  -> (artifact id: 'e0a91165ec28a70eac50fe253fa64738') in 0.001815 seconds
Number of updated asset objects reloaded before import = 0
Number of asset objects unloaded after import = 0
========================================================================
Received Import Request.
  Time since last request: 0.014686 seconds.
  path: Assets/Scripts/Otros Scripts/P2_Saludo.cs
  artifactKey: Guid(b02874b3edf8247e09cdbe79099cfaf9) Importer(815301076,1909f56bfc062723c751e8b465ee728b)
Start importing Assets/Scripts/Otros Scripts/P2_Saludo.cs using Guid(b02874b3edf8247e09cdbe79099cfaf9) Importer(815301076,1909f56bfc062723c751e8b465ee728b)  -> (artifact id: '24482f2222623be99b6fbee7deb34eef') in 0.002377 seconds
Number of updated asset objects reloaded before import = 0
Number of asset objects unloaded after import = 0
========================================================================
Received Import Request.
  Time since last request: 0.006601 seconds.
  path: Assets/TextMesh Pro/Shaders/TMP_SDF.shader
  artifactKey: Guid(68e6db2ebdc24f95958faec2be5558d6) Importer(815301076,1909f56bfc062723c751e8b465ee728b)
Start importing Assets/TextMesh Pro/Shaders/TMP_SDF.shader using Guid(68e6db2ebdc24f95958faec2be5558d6) Importer(815301076,1909f56bfc062723c751e8b465ee728b)  -> (artifact id: '44a762f227e90fdc549b2120ec351e0b') in 0.003362 seconds
Number of updated asset objects reloaded before import = 0
Number of asset objects unloaded after import = 0
========================================================================
Received Import Request.
  Time since last request: 0.004288 seconds.
  path: Assets/TextMesh Pro/Shaders
  artifactKey: Guid(e9f693669af91aa45ad615fc681ed29f) Importer(815301076,1909f56bfc062723c751e8b465ee728b)
Start importing Assets/TextMesh Pro/Shaders using Guid(e9f693669af91aa45ad615fc681ed29f) Importer(815301076,1909f56bfc062723c751e8b465ee728b)  -> (artifact id: '82f431fb395f9d0dbbb787304cdb51f5') in 0.000889 seconds
Number of updated asset objects reloaded before import = 0
Number of asset objects unloaded after import = 0
========================================================================
Received Import Request.
  Time since last request: 0.006505 seconds.
  path: Assets/Scripts/Otros Scripts/P1_Introduccion.cs
  artifactKey: Guid(bc9b22e964fe74cd998da0d74984cbb7) Importer(815301076,1909f56bfc062723c751e8b465ee728b)
Start importing Assets/Scripts/Otros Scripts/P1_Introduccion.cs using Guid(bc9b22e964fe74cd998da0d74984cbb7) Importer(815301076,1909f56bfc062723c751e8b465ee728b)  -> (artifact id: '610eb4640f95625f793c1e33ec760451') in 0.001046 seconds
Number of updated asset objects reloaded before import = 0
Number of asset objects unloaded after import = 0
========================================================================
Received Import Request.
  Time since last request: 0.005944 seconds.
  path: Assets/Scripts/S2_MovimientoLocal.cs
  artifactKey: Guid(3715958b9d0c10d4babcf24a367db581) Importer(815301076,1909f56bfc062723c751e8b465ee728b)
Start importing Assets/Scripts/S2_MovimientoLocal.cs using Guid(3715958b9d0c10d4babcf24a367db581) Importer(815301076,1909f56bfc062723c751e8b465ee728b)  -> (artifact id: '9108fe3077bec5c4a9fd2f0a714f8529') in 0.001199 seconds
Number of updated asset objects reloaded before import = 0
Number of asset objects unloaded after import = 0
========================================================================
Received Import Request.
  Time since last request: 0.017947 seconds.
  path: Assets/TextMesh Pro/Shaders/TMP_SDF-Mobile.shader
  artifactKey: Guid(fe393ace9b354375a9cb14cdbbc28be4) Importer(815301076,1909f56bfc062723c751e8b465ee728b)
Start importing Assets/TextMesh Pro/Shaders/TMP_SDF-Mobile.shader using Guid(fe393ace9b354375a9cb14cdbbc28be4) Importer(815301076,1909f56bfc062723c751e8b465ee728b)  -> (artifact id: '8a65d7b4625b028ab1c588f0861fba39') in 0.001734 seconds
Number of updated asset objects reloaded before import = 0
Number of asset objects unloaded after import = 0
========================================================================
Received Import Request.
  Time since last request: 0.010400 seconds.
  path: Assets/Prefabs/Muro.prefab
  artifactKey: Guid(6a08976d8bf5c78478c2dc429e9a0128) Importer(815301076,1909f56bfc062723c751e8b465ee728b)
Start importing Assets/Prefabs/Muro.prefab using Guid(6a08976d8bf5c78478c2dc429e9a0128) Importer(815301076,1909f56bfc062723c751e8b465ee728b)  -> (artifact id: 'f7e48e760c8d62b0a6bb612174db07b8') in 0.364537 seconds
Number of updated asset objects reloaded before import = 0
Number of asset objects unloaded after import = 8
========================================================================
Received Import Request.
  Time since last request: 0.037139 seconds.
  path: Assets/Scripts2
  artifactKey: Guid(a35105a9f3ed1bf41ae590b213907611) Importer(815301076,1909f56bfc062723c751e8b465ee728b)
Start importing Assets/Scripts2 using Guid(a35105a9f3ed1bf41ae590b213907611) Importer(815301076,1909f56bfc062723c751e8b465ee728b)  -> (artifact id: '0038cb215f76ca5b6c636b3e1af0f4e7') in 0.004704 seconds
Number of updated asset objects reloaded before import = 0
Number of asset objects unloaded after import = 0
========================================================================
Received Import Request.
  Time since last request: 0.055990 seconds.
  path: Assets/Materials/New Material 2.mat
  artifactKey: Guid(21df90dc9ed9b45449c1d09ecdd2da8e) Importer(815301076,1909f56bfc062723c751e8b465ee728b)
Start importing Assets/Materials/New Material 2.mat using Guid(21df90dc9ed9b45449c1d09ecdd2da8e) Importer(815301076,1909f56bfc062723c751e8b465ee728b)  -> (artifact id: '3c8c7b26b58ebe1c7c20c1f61f4aff1c') in 0.038714 seconds
Number of updated asset objects reloaded before import = 0
Number of asset objects unloaded after import = 1
========================================================================
Received Import Request.
  Time since last request: 0.018359 seconds.
  path: Assets/TextMesh Pro/Shaders/TMP_Bitmap.shader
  artifactKey: Guid(128e987d567d4e2c824d754223b3f3b0) Importer(815301076,1909f56bfc062723c751e8b465ee728b)
Start importing Assets/TextMesh Pro/Shaders/TMP_Bitmap.shader using Guid(128e987d567d4e2c824d754223b3f3b0) Importer(815301076,1909f56bfc062723c751e8b465ee728b)  -> (artifact id: '3b1f88f9f9eb89b12430ba8004c62006') in 0.004690 seconds
Number of updated asset objects reloaded before import = 0
Number of asset objects unloaded after import = 0
========================================================================
Received Import Request.
  Time since last request: 0.000043 seconds.
  path: Assets/TextMesh Pro/Shaders/TMP_SDF-Mobile SSD.shader
  artifactKey: Guid(c8d12adcee749c344b8117cf7c7eb912) Importer(815301076,1909f56bfc062723c751e8b465ee728b)
Start importing Assets/TextMesh Pro/Shaders/TMP_SDF-Mobile SSD.shader using Guid(c8d12adcee749c344b8117cf7c7eb912) Importer(815301076,1909f56bfc062723c751e8b465ee728b)  -> (artifact id: '77b883d3ed2c3438ac33a33331131d1a') in 0.002603 seconds
Number of updated asset objects reloaded before import = 0
Number of asset objects unloaded after import = 0
========================================================================
Received Import Request.
  Time since last request: 0.025726 seconds.
  path: Assets/TextMesh Pro/Resources/LineBreaking Following Characters.txt
  artifactKey: Guid(fade42e8bc714b018fac513c043d323b) Importer(815301076,1909f56bfc062723c751e8b465ee728b)
Start importing Assets/TextMesh Pro/Resources/LineBreaking Following Characters.txt using Guid(fade42e8bc714b018fac513c043d323b) Importer(815301076,1909f56bfc062723c751e8b465ee728b)  -> (artifact id: 'b8365c14771796ff17d339b61ffd2609') in 0.003481 seconds
Number of updated asset objects reloaded before import = 0
Number of asset objects unloaded after import = 1
========================================================================
Received Import Request.
  Time since last request: 0.005439 seconds.
  path: Assets/TextMesh Pro/Fonts
  artifactKey: Guid(6ab70aee4d56447429c680537fbf93ed) Importer(815301076,1909f56bfc062723c751e8b465ee728b)
Start importing Assets/TextMesh Pro/Fonts using Guid(6ab70aee4d56447429c680537fbf93ed) Importer(815301076,1909f56bfc062723c751e8b465ee728b)  -> (artifact id: '25524e152126d39616bdb6d7e34b8aa6') in 0.001109 seconds
Number of updated asset objects reloaded before import = 0
Number of asset objects unloaded after import = 0
========================================================================
Received Import Request.
  Time since last request: 0.009655 seconds.
  path: Assets/TextMesh Pro/Sprites/EmojiOne.json
  artifactKey: Guid(8f05276190cf498a8153f6cbe761d4e6) Importer(815301076,1909f56bfc062723c751e8b465ee728b)
Start importing Assets/TextMesh Pro/Sprites/EmojiOne.json using Guid(8f05276190cf498a8153f6cbe761d4e6) Importer(815301076,1909f56bfc062723c751e8b465ee728b)  -> (artifact id: '40ec48189e7285c5a95e70ea17d6f693') in 0.002728 seconds
Number of updated asset objects reloaded before import = 0
Number of asset objects unloaded after import = 1
========================================================================
Received Import Request.
  Time since last request: 0.018624 seconds.
  path: Assets/TextMesh Pro/Resources/Fonts & Materials
  artifactKey: Guid(731f1baa9d144a9897cb1d341c2092b8) Importer(815301076,1909f56bfc062723c751e8b465ee728b)
Start importing Assets/TextMesh Pro/Resources/Fonts & Materials using Guid(731f1baa9d144a9897cb1d341c2092b8) Importer(815301076,1909f56bfc062723c751e8b465ee728b)  -> (artifact id: '3a7eab248413d5372ca0e38f8fa86db8') in 0.001597 seconds
Number of updated asset objects reloaded before import = 0
Number of asset objects unloaded after import = 0
========================================================================
Received Import Request.
  Time since last request: 0.000055 seconds.
  path: Assets/CambioEscena/Inicio.unity
  artifactKey: Guid(4464666625c6cb44795c9816deee3aa9) Importer(815301076,1909f56bfc062723c751e8b465ee728b)
Start importing Assets/CambioEscena/Inicio.unity using Guid(4464666625c6cb44795c9816deee3aa9) Importer(815301076,1909f56bfc062723c751e8b465ee728b)  -> (artifact id: 'd51a05a9bfebcdf46304511a1d625e77') in 0.002093 seconds
Number of updated asset objects reloaded before import = 0
Number of asset objects unloaded after import = 0
========================================================================
Received Import Request.
  Time since last request: 0.006116 seconds.
  path: Assets/Scenes/Escenas U1/Triggers.unity
  artifactKey: Guid(c1512a1fe9707e84fb49240ae7a7940b) Importer(815301076,1909f56bfc062723c751e8b465ee728b)
Start importing Assets/Scenes/Escenas U1/Triggers.unity using Guid(c1512a1fe9707e84fb49240ae7a7940b) Importer(815301076,1909f56bfc062723c751e8b465ee728b)  -> (artifact id: '1b647a340c6f6eb1ee0028a563fa526a') in 0.002175 seconds
Number of updated asset objects reloaded before import = 0
Number of asset objects unloaded after import = 0
========================================================================
Received Import Request.
  Time since last request: 0.042212 seconds.
  path: Assets/Scripts2/Collisions.cs
  artifactKey: Guid(760d4e2f1faa1a145a28b05fa2224931) Importer(815301076,1909f56bfc062723c751e8b465ee728b)
Start importing Assets/Scripts2/Collisions.cs using Guid(760d4e2f1faa1a145a28b05fa2224931) Importer(815301076,1909f56bfc062723c751e8b465ee728b)  -> (artifact id: 'a4bdfbbadb64bac8ccf85da7a3703885') in 0.001453 seconds
Number of updated asset objects reloaded before import = 0
Number of asset objects unloaded after import = 0
========================================================================
Received Import Request.
  Time since last request: 0.006922 seconds.
  path: Assets/CambioEscena/CambioEscena.cs
  artifactKey: Guid(3a2731912cf3c774197e1c51b1b316ff) Importer(815301076,1909f56bfc062723c751e8b465ee728b)
Start importing Assets/CambioEscena/CambioEscena.cs using Guid(3a2731912cf3c774197e1c51b1b316ff) Importer(815301076,1909f56bfc062723c751e8b465ee728b)  -> (artifact id: '286f78b7c1874812a3d9c196fb36a8bc') in 0.001159 seconds
Number of updated asset objects reloaded before import = 0
Number of asset objects unloaded after import = 0
========================================================================
Received Import Request.
  Time since last request: 0.007167 seconds.
  path: Assets/Materials/ColorDos.mat
  artifactKey: Guid(ea5dceb8412894d57ac0107ada89fe66) Importer(815301076,1909f56bfc062723c751e8b465ee728b)
Start importing Assets/Materials/ColorDos.mat using Guid(ea5dceb8412894d57ac0107ada89fe66) Importer(815301076,1909f56bfc062723c751e8b465ee728b)  -> (artifact id: 'e84a9441819f3ec757f934b776a1124b') in 0.030140 seconds
Number of updated asset objects reloaded before import = 0
Number of asset objects unloaded after import = 1
========================================================================
Received Import Request.
  Time since last request: 0.048059 seconds.
  path: Assets/Materials/New Material.mat
  artifactKey: Guid(84e4270cb808cce409f53c92ded73263) Importer(815301076,1909f56bfc062723c751e8b465ee728b)
Start importing Assets/Materials/New Material.mat using Guid(84e4270cb808cce409f53c92ded73263) Importer(815301076,1909f56bfc062723c751e8b465ee728b)  -> (artifact id: 'f6f02bfbd71c0a311b58531c5fa328be') in 0.033966 seconds
Number of updated asset objects reloaded before import = 0
Number of asset objects unloaded after import = 1
========================================================================
Received Import Request.
  Time since last request: 0.016430 seconds.
  path: Assets/Prefabs
  artifactKey: Guid(a4c7b7a68d4f26e4c885c6104a501710) Importer(815301076,1909f56bfc062723c751e8b465ee728b)
Start importing Assets/Prefabs using Guid(a4c7b7a68d4f26e4c885c6104a501710) Importer(815301076,1909f56bfc062723c751e8b465ee728b)  -> (artifact id: '65afa4ff58f0db7289733d6dd4c805d6') in 0.001374 seconds
Number of updated asset objects reloaded before import = 0
Number of asset objects unloaded after import = 0
========================================================================
Received Import Request.
  Time since last request: 0.025609 seconds.
  path: Assets/Scripts/DestruyeObjetosReporta.cs
  artifactKey: Guid(35d03d0e829050246a85dd2ec18defa6) Importer(815301076,1909f56bfc062723c751e8b465ee728b)
Start importing Assets/Scripts/DestruyeObjetosReporta.cs using Guid(35d03d0e829050246a85dd2ec18defa6) Importer(815301076,1909f56bfc062723c751e8b465ee728b)  -> (artifact id: '906174fa4120730f76c716e44e225b2a') in 0.001095 seconds
Number of updated asset objects reloaded before import = 0
Number of asset objects unloaded after import = 0
========================================================================
Received Import Request.
  Time since last request: 0.012383 seconds.
  path: Assets/Scripts/S5_ResetPosition.cs
  artifactKey: Guid(06eb416b330ad7049a7691fc21e026e0) Importer(815301076,1909f56bfc062723c751e8b465ee728b)
Start importing Assets/Scripts/S5_ResetPosition.cs using Guid(06eb416b330ad7049a7691fc21e026e0) Importer(815301076,1909f56bfc062723c751e8b465ee728b)  -> (artifact id: '090661366a5a83cd1afbc15f95670ed9') in 0.001234 seconds
Number of updated asset objects reloaded before import = 0
Number of asset objects unloaded after import = 0
========================================================================
Received Import Request.
  Time since last request: 0.025416 seconds.
  path: Assets/CambioEscenas/CambioEscena1.cs
  artifactKey: Guid(10e38aaaf2b25b04a874ee6fbc1d35f6) Importer(815301076,1909f56bfc062723c751e8b465ee728b)
Start importing Assets/CambioEscenas/CambioEscena1.cs using Guid(10e38aaaf2b25b04a874ee6fbc1d35f6) Importer(815301076,1909f56bfc062723c751e8b465ee728b)  -> (artifact id: '4a4b43e5e258170bc6118ae195fcf2b9') in 0.001836 seconds
Number of updated asset objects reloaded before import = 0
Number of asset objects unloaded after import = 0
========================================================================
Received Import Request.
  Time since last request: 0.008355 seconds.
  path: Assets/TextMesh Pro/Shaders/TMP_Bitmap-Custom-Atlas.shader
  artifactKey: Guid(48bb5f55d8670e349b6e614913f9d910) Importer(815301076,1909f56bfc062723c751e8b465ee728b)
Start importing Assets/TextMesh Pro/Shaders/TMP_Bitmap-Custom-Atlas.shader using Guid(48bb5f55d8670e349b6e614913f9d910) Importer(815301076,1909f56bfc062723c751e8b465ee728b)  -> (artifact id: 'efb85272f58133ee39b1d07359fcb503') in 0.002407 seconds
Number of updated asset objects reloaded before import = 0
Number of asset objects unloaded after import = 0
========================================================================
Received Import Request.
  Time since last request: 0.003989 seconds.
  path: Assets/Scripts/Otros Scripts
  artifactKey: Guid(b30f42c5e9428774aa98eedf68311572) Importer(815301076,1909f56bfc062723c751e8b465ee728b)
Start importing Assets/Scripts/Otros Scripts using Guid(b30f42c5e9428774aa98eedf68311572) Importer(815301076,1909f56bfc062723c751e8b465ee728b)  -> (artifact id: '6c1f4f76e726321cc2af487f69e1a8f0') in 0.000917 seconds
Number of updated asset objects reloaded before import = 0
Number of asset objects unloaded after import = 0
========================================================================
Received Import Request.
  Time since last request: 0.005630 seconds.
  path: Assets/TextMesh Pro/Shaders/TMP_SDF-Surface-Mobile.shader
  artifactKey: Guid(85187c2149c549c5b33f0cdb02836b17) Importer(815301076,1909f56bfc062723c751e8b465ee728b)
Start importing Assets/TextMesh Pro/Shaders/TMP_SDF-Surface-Mobile.shader using Guid(85187c2149c549c5b33f0cdb02836b17) Importer(815301076,1909f56bfc062723c751e8b465ee728b)  -> (artifact id: 'cbb6d1bb3844c1665e2be9db4f0b1ddf') in 0.001175 seconds
Number of updated asset objects reloaded before import = 0
Number of asset objects unloaded after import = 0
========================================================================
Received Import Request.
  Time since last request: 0.005350 seconds.
  path: Assets/TextMesh Pro/Shaders/TMPro_Properties.cginc
  artifactKey: Guid(3997e2241185407d80309a82f9148466) Importer(815301076,1909f56bfc062723c751e8b465ee728b)
Start importing Assets/TextMesh Pro/Shaders/TMPro_Properties.cginc using Guid(3997e2241185407d80309a82f9148466) Importer(815301076,1909f56bfc062723c751e8b465ee728b)  -> (artifact id: 'fb17b39ab37ff5c4a0c347358e9d790f') in 0.002372 seconds
Number of updated asset objects reloaded before import = 0
Number of asset objects unloaded after import = 1
========================================================================
Received Import Request.
  Time since last request: 0.005541 seconds.
  path: Assets/CambioEscena/EntornoVirtual.unity
  artifactKey: Guid(38c7710fabc78424caa2817dc581b772) Importer(815301076,1909f56bfc062723c751e8b465ee728b)
Start importing Assets/CambioEscena/EntornoVirtual.unity using Guid(38c7710fabc78424caa2817dc581b772) Importer(815301076,1909f56bfc062723c751e8b465ee728b)  -> (artifact id: 'cff755c220bbb6ba75fa7d8d883014b0') in 0.001024 seconds
Number of updated asset objects reloaded before import = 0
Number of asset objects unloaded after import = 0
========================================================================
Received Import Request.
  Time since last request: 0.005435 seconds.
  path: Assets/Materials/ColorBase.mat
  artifactKey: Guid(48f47a82fcc534a3596ddd5070ce8794) Importer(815301076,1909f56bfc062723c751e8b465ee728b)
Start importing Assets/Materials/ColorBase.mat using Guid(48f47a82fcc534a3596ddd5070ce8794) Importer(815301076,1909f56bfc062723c751e8b465ee728b)  -> (artifact id: 'f44327c4ed7bb978b2ef22ffb836e607') in 0.029187 seconds
Number of updated asset objects reloaded before import = 0
Number of asset objects unloaded after import = 1
========================================================================
Received Import Request.
  Time since last request: 0.044652 seconds.
  path: Assets/Scripts/DestruyeObjetos.cs
  artifactKey: Guid(304fa473d8e575f4b9e9772a32c088d4) Importer(815301076,1909f56bfc062723c751e8b465ee728b)
Start importing Assets/Scripts/DestruyeObjetos.cs using Guid(304fa473d8e575f4b9e9772a32c088d4) Importer(815301076,1909f56bfc062723c751e8b465ee728b)  -> (artifact id: 'be09d894776952f5c04ef7d5f0b47e93') in 0.001801 seconds
Number of updated asset objects reloaded before import = 0
Number of asset objects unloaded after import = 0
========================================================================
Received Import Request.
  Time since last request: 0.013932 seconds.
  path: Assets/TextMesh Pro/Resources/Fonts & Materials/LiberationSans SDF.asset
  artifactKey: Guid(8f586378b4e144a9851e7b34d9b748ee) Importer(815301076,1909f56bfc062723c751e8b465ee728b)
Start importing Assets/TextMesh Pro/Resources/Fonts & Materials/LiberationSans SDF.asset using Guid(8f586378b4e144a9851e7b34d9b748ee) Importer(815301076,1909f56bfc062723c751e8b465ee728b)  -> (artifact id: '46b909ba994d44ffb14bfa4227131df2') in 0.178477 seconds
Number of updated asset objects reloaded before import = 0
Number of asset objects unloaded after import = 9
========================================================================
Received Import Request.
  Time since last request: 0.000035 seconds.
  path: Assets/TextMesh Pro/Resources/Style Sheets/Default Style Sheet.asset
  artifactKey: Guid(f952c082cb03451daed3ee968ac6c63e) Importer(815301076,1909f56bfc062723c751e8b465ee728b)
Start importing Assets/TextMesh Pro/Resources/Style Sheets/Default Style Sheet.asset using Guid(f952c082cb03451daed3ee968ac6c63e) Importer(815301076,1909f56bfc062723c751e8b465ee728b)  -> (artifact id: 'af00edb55e05cf3e37977090ae9927d6') in 0.008328 seconds
Number of updated asset objects reloaded before import = 0
Number of asset objects unloaded after import = 1
========================================================================
Received Import Request.
  Time since last request: 0.000033 seconds.
  path: Assets/Scripts/Otros Scripts/P3_CambiaColorInspector.cs
  artifactKey: Guid(c03976fdbfd7941a19152ee72d86ea5e) Importer(815301076,1909f56bfc062723c751e8b465ee728b)
Start importing Assets/Scripts/Otros Scripts/P3_CambiaColorInspector.cs using Guid(c03976fdbfd7941a19152ee72d86ea5e) Importer(815301076,1909f56bfc062723c751e8b465ee728b)  -> (artifact id: 'f070c4082f3a4413e82f9eac286160b1') in 0.001625 seconds
Number of updated asset objects reloaded before import = 0
Number of asset objects unloaded after import = 0
========================================================================
Received Import Request.
  Time since last request: 0.023353 seconds.
  path: Assets/TextMesh Pro/Shaders/TMPro.cginc
  artifactKey: Guid(407bc68d299748449bbf7f48ee690f8d) Importer(815301076,1909f56bfc062723c751e8b465ee728b)
Start importing Assets/TextMesh Pro/Shaders/TMPro.cginc using Guid(407bc68d299748449bbf7f48ee690f8d) Importer(815301076,1909f56bfc062723c751e8b465ee728b)  -> (artifact id: 'b2f603c20fc83149d951696e0b5ff78e') in 0.003168 seconds
Number of updated asset objects reloaded before import = 0
Number of asset objects unloaded after import = 1
========================================================================
Received Import Request.
  Time since last request: 0.006335 seconds.
  path: Assets/Scripts/S3_Rotacion.cs
  artifactKey: Guid(8506a9a7b39768844a9d87694b11b5f5) Importer(815301076,1909f56bfc062723c751e8b465ee728b)
Start importing Assets/Scripts/S3_Rotacion.cs using Guid(8506a9a7b39768844a9d87694b11b5f5) Importer(815301076,1909f56bfc062723c751e8b465ee728b)  -> (artifact id: '5ba18c4e86768985645883528eccd101') in 0.001226 seconds
Number of updated asset objects reloaded before import = 0
Number of asset objects unloaded after import = 0
========================================================================
Received Import Request.
  Time since last request: 0.012660 seconds.
  path: Assets/Materials/ColorUno.mat
  artifactKey: Guid(0d0250ee1b79342e290d75ddfb7b81d8) Importer(815301076,1909f56bfc062723c751e8b465ee728b)
Start importing Assets/Materials/ColorUno.mat using Guid(0d0250ee1b79342e290d75ddfb7b81d8) Importer(815301076,1909f56bfc062723c751e8b465ee728b)  -> (artifact id: 'b6d9c9b20971dc1b414cefaee258c012') in 0.036017 seconds
Number of updated asset objects reloaded before import = 0
Number of asset objects unloaded after import = 1
========================================================================
Received Import Request.
  Time since last request: 0.014869 seconds.
  path: Assets/TextMesh Pro/Fonts/LiberationSans - OFL.txt
  artifactKey: Guid(6e59c59b81ab47f9b6ec5781fa725d2c) Importer(815301076,1909f56bfc062723c751e8b465ee728b)
Start importing Assets/TextMesh Pro/Fonts/LiberationSans - OFL.txt using Guid(6e59c59b81ab47f9b6ec5781fa725d2c) Importer(815301076,1909f56bfc062723c751e8b465ee728b)  -> (artifact id: 'b65a4ce8400ff49749468270fd34ede3') in 0.012273 seconds
Number of updated asset objects reloaded before import = 0
Number of asset objects unloaded after import = 1
========================================================================
Received Import Request.
  Time since last request: 0.006215 seconds.
  path: Assets/TextMesh Pro/Resources/Style Sheets
  artifactKey: Guid(4aecb92fff08436c8303b10eab8da368) Importer(815301076,1909f56bfc062723c751e8b465ee728b)
Start importing Assets/TextMesh Pro/Resources/Style Sheets using Guid(4aecb92fff08436c8303b10eab8da368) Importer(815301076,1909f56bfc062723c751e8b465ee728b)  -> (artifact id: '056cf6914e695e5184ae907488c442f7') in 0.002057 seconds
Number of updated asset objects reloaded before import = 0
Number of asset objects unloaded after import = 0
========================================================================
Received Import Request.
  Time since last request: 0.012223 seconds.
  path: Assets/CambioEscenas/E1_Inicio.unity
  artifactKey: Guid(68888406383274cda9bc92b663aea29c) Importer(815301076,1909f56bfc062723c751e8b465ee728b)
Start importing Assets/CambioEscenas/E1_Inicio.unity using Guid(68888406383274cda9bc92b663aea29c) Importer(815301076,1909f56bfc062723c751e8b465ee728b)  -> (artifact id: '9f233e5c3fe418a94b3aadb91253faa5') in 0.002230 seconds
Number of updated asset objects reloaded before import = 0
Number of asset objects unloaded after import = 0
========================================================================
Received Import Request.
  Time since last request: 0.008410 seconds.
  path: Assets/Prefabs/Jugador.prefab
  artifactKey: Guid(99f857e6d6c5176488a8edfd909e336b) Importer(815301076,1909f56bfc062723c751e8b465ee728b)
Start importing Assets/Prefabs/Jugador.prefab using Guid(99f857e6d6c5176488a8edfd909e336b) Importer(815301076,1909f56bfc062723c751e8b465ee728b)  -> (artifact id: 'b188784d9beb5937105ddd7cb58d4cd7') in 0.204172 seconds
Number of updated asset objects reloaded before import = 0
Number of asset objects unloaded after import = 93
========================================================================
Received Import Request.
  Time since last request: 0.004392 seconds.
  path: Assets/Scripts
  artifactKey: Guid(13314c49c3fe84e33aed9fabf2adce4d) Importer(815301076,1909f56bfc062723c751e8b465ee728b)
Start importing Assets/Scripts using Guid(13314c49c3fe84e33aed9fabf2adce4d) Importer(815301076,1909f56bfc062723c751e8b465ee728b)  -> (artifact id: '9094ddf73ada01ba54089389ae4465d8') in 0.001201 seconds
Number of updated asset objects reloaded before import = 0
Number of asset objects unloaded after import = 0
========================================================================
Received Import Request.
  Time since last request: 0.014693 seconds.
  path: Assets/TextMesh Pro/Resources/Sprite Assets/EmojiOne.asset
  artifactKey: Guid(c41005c129ba4d66911b75229fd70b45) Importer(815301076,1909f56bfc062723c751e8b465ee728b)
Start importing Assets/TextMesh Pro/Resources/Sprite Assets/EmojiOne.asset using Guid(c41005c129ba4d66911b75229fd70b45) Importer(815301076,1909f56bfc062723c751e8b465ee728b)  -> (artifact id: '49f57928ea3e50016ba38984b95b8e5d') in 0.009642 seconds
Number of updated asset objects reloaded before import = 0
Number of asset objects unloaded after import = 3
========================================================================
Received Import Request.
  Time since last request: 0.012131 seconds.
  path: Assets/Scripts/S1_Movimiento.cs
  artifactKey: Guid(a2bc28652f044be4eb06f9e113cfef89) Importer(815301076,1909f56bfc062723c751e8b465ee728b)
Start importing Assets/Scripts/S1_Movimiento.cs using Guid(a2bc28652f044be4eb06f9e113cfef89) Importer(815301076,1909f56bfc062723c751e8b465ee728b)  -> (artifact id: 'faae39b8566aca2346e5c65f85cd7271') in 0.001333 seconds
Number of updated asset objects reloaded before import = 0
Number of asset objects unloaded after import = 0
========================================================================
Received Import Request.
  Time since last request: 0.009833 seconds.
  path: Assets/TextMesh Pro/Shaders/TMP_SDF-Mobile Masking.shader
  artifactKey: Guid(bc1ede39bf3643ee8e493720e4259791) Importer(815301076,1909f56bfc062723c751e8b465ee728b)
Start importing Assets/TextMesh Pro/Shaders/TMP_SDF-Mobile Masking.shader using Guid(bc1ede39bf3643ee8e493720e4259791) Importer(815301076,1909f56bfc062723c751e8b465ee728b)  -> (artifact id: '9b4b902abfd67ae1af843b8ca871275a') in 0.001675 seconds
Number of updated asset objects reloaded before import = 0
Number of asset objects unloaded after import = 0
========================================================================
Received Import Request.
  Time since last request: 0.044235 seconds.
  path: Assets/Scripts/S7_ControlTiempoConCorutina.cs
  artifactKey: Guid(1034fea48833b704785814b24346f335) Importer(815301076,1909f56bfc062723c751e8b465ee728b)
Start importing Assets/Scripts/S7_ControlTiempoConCorutina.cs using Guid(1034fea48833b704785814b24346f335) Importer(815301076,1909f56bfc062723c751e8b465ee728b)  -> (artifact id: 'c027eb12799e11876eb13611595df338') in 0.003732 seconds
Number of updated asset objects reloaded before import = 0
Number of asset objects unloaded after import = 0
========================================================================
Received Import Request.
  Time since last request: 0.000065 seconds.
  path: Assets/TextMesh Pro/Shaders/TMPro_Mobile.cginc
  artifactKey: Guid(c334973cef89a9840b0b0c507e0377ab) Importer(815301076,1909f56bfc062723c751e8b465ee728b)
Start importing Assets/TextMesh Pro/Shaders/TMPro_Mobile.cginc using Guid(c334973cef89a9840b0b0c507e0377ab) Importer(815301076,1909f56bfc062723c751e8b465ee728b)  -> (artifact id: 'ed4948e3d3b156c358d774882348c13a') in 0.003807 seconds
Number of updated asset objects reloaded before import = 0
Number of asset objects unloaded after import = 1
========================================================================
Received Import Request.
  Time since last request: 0.008765 seconds.
  path: Assets/TextMesh Pro/Shaders/TMP_Sprite.shader
  artifactKey: Guid(cf81c85f95fe47e1a27f6ae460cf182c) Importer(815301076,1909f56bfc062723c751e8b465ee728b)
Start importing Assets/TextMesh Pro/Shaders/TMP_Sprite.shader using Guid(cf81c85f95fe47e1a27f6ae460cf182c) Importer(815301076,1909f56bfc062723c751e8b465ee728b)  -> (artifact id: '07bad319e7e76795027dd76904d4b89b') in 0.003139 seconds
Number of updated asset objects reloaded before import = 0
Number of asset objects unloaded after import = 0
========================================================================
Received Import Request.
  Time since last request: 0.012310 seconds.
  path: Assets/Scripts/S8_TiempoJuego.cs
  artifactKey: Guid(0fdab52181674fd4188b06eb49ec3f14) Importer(815301076,1909f56bfc062723c751e8b465ee728b)
Start importing Assets/Scripts/S8_TiempoJuego.cs using Guid(0fdab52181674fd4188b06eb49ec3f14) Importer(815301076,1909f56bfc062723c751e8b465ee728b)  -> (artifact id: '10e8ae35a604b44e470ae08781505bda') in 0.001567 seconds
Number of updated asset objects reloaded before import = 0
Number of asset objects unloaded after import = 0
========================================================================
Received Import Request.
  Time since last request: 0.008436 seconds.
  path: Assets/TextMesh Pro/Resources/Fonts & Materials/LiberationSans SDF - Fallback.asset
  artifactKey: Guid(2e498d1c8094910479dc3e1b768306a4) Importer(815301076,1909f56bfc062723c751e8b465ee728b)
Start importing Assets/TextMesh Pro/Resources/Fonts & Materials/LiberationSans SDF - Fallback.asset using Guid(2e498d1c8094910479dc3e1b768306a4) Importer(815301076,1909f56bfc062723c751e8b465ee728b)  -> (artifact id: '5b36ab2301fa9ed545c6afb246f582c9') in 0.034270 seconds
Number of updated asset objects reloaded before import = 0
Number of asset objects unloaded after import = 6
========================================================================
Received Import Request.
  Time since last request: 0.008169 seconds.
  path: Assets/TextMesh Pro/Sprites/EmojiOne Attribution.txt
  artifactKey: Guid(381dcb09d5029d14897e55f98031fca5) Importer(815301076,1909f56bfc062723c751e8b465ee728b)
Start importing Assets/TextMesh Pro/Sprites/EmojiOne Attribution.txt using Guid(381dcb09d5029d14897e55f98031fca5) Importer(815301076,1909f56bfc062723c751e8b465ee728b)  -> (artifact id: 'ddd3e577a21f52d33ecd25c7b851eaeb') in 0.002253 seconds
Number of updated asset objects reloaded before import = 0
Number of asset objects unloaded after import = 1
========================================================================
Received Import Request.
  Time since last request: 0.007886 seconds.
  path: Assets/TextMesh Pro/Shaders/TMP_SDF-Surface.shader
  artifactKey: Guid(f7ada0af4f174f0694ca6a487b8f543d) Importer(815301076,1909f56bfc062723c751e8b465ee728b)
Start importing Assets/TextMesh Pro/Shaders/TMP_SDF-Surface.shader using Guid(f7ada0af4f174f0694ca6a487b8f543d) Importer(815301076,1909f56bfc062723c751e8b465ee728b)  -> (artifact id: 'aeaacf1233f64829e7e78d3457279bcf') in 0.001444 seconds
Number of updated asset objects reloaded before import = 0
Number of asset objects unloaded after import = 0
========================================================================
Received Import Request.
  Time since last request: 0.006540 seconds.
  path: Assets/TextMesh Pro/Resources/Fonts & Materials/LiberationSans SDF - Outline.mat
  artifactKey: Guid(79459efec17a4d00a321bdcc27bbc385) Importer(815301076,1909f56bfc062723c751e8b465ee728b)
Start importing Assets/TextMesh Pro/Resources/Fonts & Materials/LiberationSans SDF - Outline.mat using Guid(79459efec17a4d00a321bdcc27bbc385) Importer(815301076,1909f56bfc062723c751e8b465ee728b)  -> (artifact id: 'c5771ca96875ffb51db7f1fb9f1afce5') in 0.191397 seconds
Number of updated asset objects reloaded before import = 0
Number of asset objects unloaded after import = 2
========================================================================
Received Import Request.
  Time since last request: 0.025069 seconds.
  path: Assets/Prefabs/Malo.prefab
  artifactKey: Guid(1b8b4f2662a70734fac218e26f8f1c19) Importer(815301076,1909f56bfc062723c751e8b465ee728b)
Start importing Assets/Prefabs/Malo.prefab using Guid(1b8b4f2662a70734fac218e26f8f1c19) Importer(815301076,1909f56bfc062723c751e8b465ee728b)  -> (artifact id: 'ea69ffaa0f98a11612026268e7453fee') in 0.027116 seconds
Number of updated asset objects reloaded before import = 0
Number of asset objects unloaded after import = 10
========================================================================
Received Import Request.
  Time since last request: 0.021084 seconds.
  path: Assets/TextMesh Pro/Resources/Sprite Assets
  artifactKey: Guid(512a49d95c0c4332bdd98131869c23c9) Importer(815301076,1909f56bfc062723c751e8b465ee728b)
Start importing Assets/TextMesh Pro/Resources/Sprite Assets using Guid(512a49d95c0c4332bdd98131869c23c9) Importer(815301076,1909f56bfc062723c751e8b465ee728b)  -> (artifact id: 'a4be22d1ef66f63031ca6da898dd5950') in 0.003212 seconds
Number of updated asset objects reloaded before import = 0
Number of asset objects unloaded after import = 0
========================================================================
Received Import Request.
  Time since last request: 0.000036 seconds.
  path: Assets/CambioEscena/Fin.unity
  artifactKey: Guid(04cded15a24a8db4c84e1665673a7f8a) Importer(815301076,1909f56bfc062723c751e8b465ee728b)
Start importing Assets/CambioEscena/Fin.unity using Guid(04cded15a24a8db4c84e1665673a7f8a) Importer(815301076,1909f56bfc062723c751e8b465ee728b)  -> (artifact id: '71e27d8638439e6a2de1e0d982ebd18e') in 0.003718 seconds
Number of updated asset objects reloaded before import = 0
Number of asset objects unloaded after import = 0
========================================================================
Received Import Request.
  Time since last request: 0.022865 seconds.
  path: Assets/TextMesh Pro/Shaders/TMP_SDF Overlay.shader
  artifactKey: Guid(dd89cf5b9246416f84610a006f916af7) Importer(815301076,1909f56bfc062723c751e8b465ee728b)
Start importing Assets/TextMesh Pro/Shaders/TMP_SDF Overlay.shader using Guid(dd89cf5b9246416f84610a006f916af7) Importer(815301076,1909f56bfc062723c751e8b465ee728b)  -> (artifact id: '83d0dae0f47f91f6f5c0463596ac0cff') in 0.005022 seconds
Number of updated asset objects reloaded before import = 0
Number of asset objects unloaded after import = 0
========================================================================
Received Import Request.
  Time since last request: 0.010599 seconds.
  path: Assets/TextMesh Pro/Sprites/EmojiOne.png
  artifactKey: Guid(dffef66376be4fa480fb02b19edbe903) Importer(815301076,1909f56bfc062723c751e8b465ee728b)
Start importing Assets/TextMesh Pro/Sprites/EmojiOne.png using Guid(dffef66376be4fa480fb02b19edbe903) Importer(815301076,1909f56bfc062723c751e8b465ee728b)  -> (artifact id: 'a5c74fae5ea29674053295582f21d27a') in 0.127329 seconds
Number of updated asset objects reloaded before import = 0
Number of asset objects unloaded after import = 2
========================================================================
Received Import Request.
  Time since last request: 0.020733 seconds.
  path: Assets/Materials/New Material 3.mat
  artifactKey: Guid(a32005897dd581f488372961180a6e7f) Importer(815301076,1909f56bfc062723c751e8b465ee728b)
Start importing Assets/Materials/New Material 3.mat using Guid(a32005897dd581f488372961180a6e7f) Importer(815301076,1909f56bfc062723c751e8b465ee728b)  -> (artifact id: 'f18e948730a8944db968a3a0c61e2b77') in 0.027144 seconds
Number of updated asset objects reloaded before import = 0
Number of asset objects unloaded after import = 1
========================================================================
Received Import Request.
  Time since last request: 0.023166 seconds.
  path: Assets/Scripts/S4_MovCompuesto.cs
  artifactKey: Guid(b4b13949e7022fe4d805a597819c6838) Importer(815301076,1909f56bfc062723c751e8b465ee728b)
Start importing Assets/Scripts/S4_MovCompuesto.cs using Guid(b4b13949e7022fe4d805a597819c6838) Importer(815301076,1909f56bfc062723c751e8b465ee728b)  -> (artifact id: 'fce612b062905199106331569f3f4fef') in 0.001205 seconds
Number of updated asset objects reloaded before import = 0
Number of asset objects unloaded after import = 0
========================================================================
Received Import Request.
  Time since last request: 0.007948 seconds.
  path: Assets/Scripts2/TriggersDeTexto.cs
  artifactKey: Guid(7588dfa33eb97564092e867a9540c61c) Importer(815301076,1909f56bfc062723c751e8b465ee728b)
Start importing Assets/Scripts2/TriggersDeTexto.cs using Guid(7588dfa33eb97564092e867a9540c61c) Importer(815301076,1909f56bfc062723c751e8b465ee728b)  -> (artifact id: '5a9f44f39a4c4d549ff4a9755a124a61') in 0.001049 seconds
Number of updated asset objects reloaded before import = 0
Number of asset objects unloaded after import = 0
========================================================================
Received Import Request.
  Time since last request: 0.005109 seconds.
  path: Assets/TextMesh Pro/Resources/TMP Settings.asset
  artifactKey: Guid(3f5b5dff67a942289a9defa416b206f3) Importer(815301076,1909f56bfc062723c751e8b465ee728b)
Start importing Assets/TextMesh Pro/Resources/TMP Settings.asset using Guid(3f5b5dff67a942289a9defa416b206f3) Importer(815301076,1909f56bfc062723c751e8b465ee728b)  -> (artifact id: '03ea1972c79e2717dc61467c8ce2277e') in 0.043675 seconds
Number of updated asset objects reloaded before import = 0
Number of asset objects unloaded after import = 15
========================================================================
Received Import Request.
  Time since last request: 0.003162 seconds.
  path: Assets/TextMesh Pro/Sprites
  artifactKey: Guid(d0603b6d5186471b96c778c3949c7ce2) Importer(815301076,1909f56bfc062723c751e8b465ee728b)
Start importing Assets/TextMesh Pro/Sprites using Guid(d0603b6d5186471b96c778c3949c7ce2) Importer(815301076,1909f56bfc062723c751e8b465ee728b)  -> (artifact id: '6cb8c8d526b56b02a177794fb5aaffbd') in 0.001226 seconds
Number of updated asset objects reloaded before import = 0
Number of asset objects unloaded after import = 0
========================================================================
Received Import Request.
  Time since last request: 0.008157 seconds.
  path: Assets/Scripts/Otros Scripts/P4_CambiaColor2.cs
  artifactKey: Guid(7e322a997c744465e85b7e12fcf07bd2) Importer(815301076,1909f56bfc062723c751e8b465ee728b)
Start importing Assets/Scripts/Otros Scripts/P4_CambiaColor2.cs using Guid(7e322a997c744465e85b7e12fcf07bd2) Importer(815301076,1909f56bfc062723c751e8b465ee728b)  -> (artifact id: 'a3ccb3427bb5d05e35ddc1f571ec75cc') in 0.000856 seconds
Number of updated asset objects reloaded before import = 0
Number of asset objects unloaded after import = 0
========================================================================
Received Import Request.
  Time since last request: 0.021338 seconds.
  path: Assets/Materials/New Material 1.mat
  artifactKey: Guid(5a1b7f73bdc268e49b5b9f256f93945a) Importer(815301076,1909f56bfc062723c751e8b465ee728b)
Start importing Assets/Materials/New Material 1.mat using Guid(5a1b7f73bdc268e49b5b9f256f93945a) Importer(815301076,1909f56bfc062723c751e8b465ee728b)  -> (artifact id: 'd5045a02e37b7ea5b23a6ce691ee1e5b') in 0.020873 seconds
Number of updated asset objects reloaded before import = 0
Number of asset objects unloaded after import = 1
========================================================================
Received Import Request.
  Time since last request: 0.009855 seconds.
  path: Assets/TextMesh Pro/Documentation/TextMesh Pro User Guide 2016.pdf
  artifactKey: Guid(1b8d251f9af63b746bf2f7ffe00ebb9b) Importer(815301076,1909f56bfc062723c751e8b465ee728b)
Start importing Assets/TextMesh Pro/Documentation/TextMesh Pro User Guide 2016.pdf using Guid(1b8d251f9af63b746bf2f7ffe00ebb9b) Importer(815301076,1909f56bfc062723c751e8b465ee728b)  -> (artifact id: 'b77d945af6f2a2ba96621f031f3cbc4d') in 0.001985 seconds
Number of updated asset objects reloaded before import = 0
Number of asset objects unloaded after import = 1
========================================================================
Received Import Request.
  Time since last request: 0.000103 seconds.
  path: Assets/TextMesh Pro/Shaders/TMP_Bitmap-Mobile.shader
  artifactKey: Guid(1e3b057af24249748ff873be7fafee47) Importer(815301076,1909f56bfc062723c751e8b465ee728b)
Start importing Assets/TextMesh Pro/Shaders/TMP_Bitmap-Mobile.shader using Guid(1e3b057af24249748ff873be7fafee47) Importer(815301076,1909f56bfc062723c751e8b465ee728b)  -> (artifact id: '961a9489929e5ae2005b8b19780de6ff') in 0.002149 seconds
Number of updated asset objects reloaded before import = 0
Number of asset objects unloaded after import = 0
========================================================================
Received Import Request.
  Time since last request: 0.010443 seconds.
  path: Assets/Scripts/Otros Scripts/P5_CambioColorMaterials.cs
  artifactKey: Guid(ee84c72266dfe41f28929945f066bac8) Importer(815301076,1909f56bfc062723c751e8b465ee728b)
Start importing Assets/Scripts/Otros Scripts/P5_CambioColorMaterials.cs using Guid(ee84c72266dfe41f28929945f066bac8) Importer(815301076,1909f56bfc062723c751e8b465ee728b)  -> (artifact id: '41e29d2ce0919e578c8a3711678e4593') in 0.001528 seconds
Number of updated asset objects reloaded before import = 0
Number of asset objects unloaded after import = 0
========================================================================
Received Import Request.
  Time since last request: 0.008184 seconds.
  path: Assets/CambioEscenas/E2_Principal.unity
  artifactKey: Guid(8b912b16efc4b4700bc83034e2f3df6f) Importer(815301076,1909f56bfc062723c751e8b465ee728b)
Start importing Assets/CambioEscenas/E2_Principal.unity using Guid(8b912b16efc4b4700bc83034e2f3df6f) Importer(815301076,1909f56bfc062723c751e8b465ee728b)  -> (artifact id: 'ed7de248d863a5d618369e8c0aa915af') in 0.002352 seconds
Number of updated asset objects reloaded before import = 0
Number of asset objects unloaded after import = 0
========================================================================
Received Import Request.
  Time since last request: 0.000031 seconds.
  path: Assets/Scripts/ContadorTiempo.cs
  artifactKey: Guid(25c8b01e9d54b8a4993a39783b248cba) Importer(815301076,1909f56bfc062723c751e8b465ee728b)
Start importing Assets/Scripts/ContadorTiempo.cs using Guid(25c8b01e9d54b8a4993a39783b248cba) Importer(815301076,1909f56bfc062723c751e8b465ee728b)  -> (artifact id: '55ef682b3d445c6bad7c60b7ce4b6a53') in 0.001449 seconds
Number of updated asset objects reloaded before import = 0
Number of asset objects unloaded after import = 0
========================================================================
Received Import Request.
  Time since last request: 0.023817 seconds.
  path: Assets/TextMesh Pro/Shaders/TMP_SDF-Mobile Overlay.shader
  artifactKey: Guid(a02a7d8c237544f1962732b55a9aebf1) Importer(815301076,1909f56bfc062723c751e8b465ee728b)
Start importing Assets/TextMesh Pro/Shaders/TMP_SDF-Mobile Overlay.shader using Guid(a02a7d8c237544f1962732b55a9aebf1) Importer(815301076,1909f56bfc062723c751e8b465ee728b)  -> (artifact id: '956bf6baea4b638986c709a87047b7fa') in 0.003963 seconds
Number of updated asset objects reloaded before import = 0
Number of asset objects unloaded after import = 0
========================================================================
Received Import Request.
  Time since last request: 0.005982 seconds.
  path: Assets/TextMesh Pro/Resources
  artifactKey: Guid(243e06394e614e5d99fab26083b707fa) Importer(815301076,1909f56bfc062723c751e8b465ee728b)
Start importing Assets/TextMesh Pro/Resources using Guid(243e06394e614e5d99fab26083b707fa) Importer(815301076,1909f56bfc062723c751e8b465ee728b)  -> (artifact id: 'b2c36a6349224b0ebebc1e51428e6fea') in 0.001769 seconds
Number of updated asset objects reloaded before import = 0
Number of asset objects unloaded after import = 0
========================================================================
Received Import Request.
  Time since last request: 0.029287 seconds.
  path: Assets/TextMesh Pro/Resources/LineBreaking Leading Characters.txt
  artifactKey: Guid(d82c1b31c7e74239bff1220585707d2b) Importer(815301076,1909f56bfc062723c751e8b465ee728b)
Start importing Assets/TextMesh Pro/Resources/LineBreaking Leading Characters.txt using Guid(d82c1b31c7e74239bff1220585707d2b) Importer(815301076,1909f56bfc062723c751e8b465ee728b)  -> (artifact id: 'c0e0872a344a2232916630376c77a2c5') in 0.005372 seconds
Number of updated asset objects reloaded before import = 0
Number of asset objects unloaded after import = 1
========================================================================
Received Import Request.
  Time since last request: 0.000035 seconds.
  path: Assets/TextMesh Pro/Fonts/LiberationSans.ttf
  artifactKey: Guid(e3265ab4bf004d28a9537516768c1c75) Importer(815301076,1909f56bfc062723c751e8b465ee728b)
Start importing Assets/TextMesh Pro/Fonts/LiberationSans.ttf using Guid(e3265ab4bf004d28a9537516768c1c75) Importer(815301076,1909f56bfc062723c751e8b465ee728b)  -> (artifact id: '8756f7c291147a75e95d0f4a0d9e7e56') in 0.036755 seconds
Number of updated asset objects reloaded before import = 0
Number of asset objects unloaded after import = 4
